\BOOKMARK [0][-]{chapter.1}{\376\377\000I\000n\000t\000r\000o\000d\000u\000c\000t\000i\000o\000n}{}% 1
\BOOKMARK [1][-]{section.1.1}{\376\377\000T\000h\000e\000\040\000K\000u\000r\000d\000i\000s\000h\000\040\000I\000s\000s\000u\000e}{chapter.1}% 2
\BOOKMARK [1][-]{section.1.2}{\376\377\000T\000h\000e\000\040\000T\000u\000r\000k\000i\000s\000h\000\040\000I\000s\000s\000u\000e}{chapter.1}% 3
\BOOKMARK [1][-]{section.1.3}{\376\377\000I\000n\000t\000e\000n\000t\000\040\000o\000f\000\040\000R\000e\000s\000e\000a\000r\000c\000h}{chapter.1}% 4
\BOOKMARK [1][-]{section.1.4}{\376\377\000T\000h\000e\000\040\000D\000a\000t\000a}{chapter.1}% 5
\BOOKMARK [2][-]{subsection.1.4.1}{\376\377\000S\000c\000o\000p\000e}{section.1.4}% 6
\BOOKMARK [2][-]{subsection.1.4.2}{\376\377\000C\000o\000d\000i\000n\000g\000\040\000P\000r\000o\000c\000e\000d\000u\000r\000e}{section.1.4}% 7
\BOOKMARK [0][-]{chapter.2}{\376\377\000E\000v\000e\000n\000t\000\040\000Q\000u\000e\000r\000y\000\040\000P\000r\000o\000c\000e\000d\000u\000r\000e}{}% 8
\BOOKMARK [1][-]{section.2.1}{\376\377\000P\000r\000i\000m\000a\000r\000y\000\040\000S\000e\000a\000r\000c\000h\000\040\000P\000r\000o\000c\000e\000d\000u\000r\000e}{chapter.2}% 9
\BOOKMARK [1][-]{section.2.2}{\376\377\000Q\000u\000e\000r\000y\000\040\000R\000e\000s\000u\000l\000t\000\040\000S\000o\000r\000t\000i\000n\000g\000\040\000P\000r\000o\000c\000e\000d\000u\000r\000e}{chapter.2}% 10
\BOOKMARK [0][-]{chapter.3}{\376\377\000D\000a\000t\000a\000b\000a\000s\000e\000\040\000S\000c\000h\000e\000m\000a}{}% 11
\BOOKMARK [1][-]{section.3.1}{\376\377\000S\000c\000h\000e\000m\000a\000\040\000D\000e\000f\000i\000n\000i\000t\000i\000o\000n\000s}{chapter.3}% 12
\BOOKMARK [2][-]{subsection.3.1.1}{\376\377\000Y\000e\000a\000r}{section.3.1}% 13
\BOOKMARK [3][-]{subsubsection*.13}{\376\377\000D\000e\000f\000i\000n\000i\000t\000i\000o\000n}{subsection.3.1.1}% 14
\BOOKMARK [3][-]{subsubsection*.14}{\376\377\000D\000a\000t\000a\000\040\000T\000y\000p\000e}{subsection.3.1.1}% 15
\BOOKMARK [3][-]{subsubsection*.15}{\376\377\000R\000e\000f\000e\000r\000e\000n\000c\000e\000\040\000T\000a\000b\000l\000e}{subsection.3.1.1}% 16
\BOOKMARK [2][-]{subsection.3.1.2}{\376\377\000A\000g\000g\000r\000e\000s\000s\000o\000r\000\137\000I\000D}{section.3.1}% 17
\BOOKMARK [3][-]{subsubsection*.16}{\376\377\000D\000e\000f\000i\000n\000i\000t\000i\000o\000n}{subsection.3.1.2}% 18
\BOOKMARK [3][-]{subsubsection*.17}{\376\377\000D\000a\000t\000a\000\040\000T\000y\000p\000e}{subsection.3.1.2}% 19
\BOOKMARK [3][-]{subsubsection*.18}{\376\377\000R\000e\000f\000e\000r\000e\000n\000c\000e\000\040\000T\000a\000b\000l\000e}{subsection.3.1.2}% 20
\BOOKMARK [2][-]{subsection.3.1.3}{\376\377\000A\000g\000g\000r\000e\000s\000s\000o\000r\000\137\000N\000a\000m\000e}{section.3.1}% 21
\BOOKMARK [3][-]{subsubsection*.19}{\376\377\000D\000e\000f\000i\000n\000i\000t\000i\000o\000n}{subsection.3.1.3}% 22
\BOOKMARK [3][-]{subsubsection*.20}{\376\377\000D\000a\000t\000a\000\040\000T\000y\000p\000e}{subsection.3.1.3}% 23
\BOOKMARK [3][-]{subsubsection*.21}{\376\377\000R\000e\000f\000e\000r\000e\000n\000c\000e\000\040\000T\000a\000b\000l\000e}{subsection.3.1.3}% 24
\BOOKMARK [2][-]{subsection.3.1.4}{\376\377\000V\000i\000c\000t\000i\000m\000\137\000I\000D}{section.3.1}% 25
\BOOKMARK [3][-]{subsubsection*.22}{\376\377\000D\000e\000f\000i\000n\000i\000t\000i\000o\000n}{subsection.3.1.4}% 26
\BOOKMARK [3][-]{subsubsection*.23}{\376\377\000D\000a\000t\000a\000\040\000T\000y\000p\000e}{subsection.3.1.4}% 27
\BOOKMARK [3][-]{subsubsection*.24}{\376\377\000R\000e\000f\000e\000r\000e\000n\000c\000e\000\040\000T\000a\000b\000l\000e}{subsection.3.1.4}% 28
\BOOKMARK [2][-]{subsection.3.1.5}{\376\377\000V\000i\000c\000t\000i\000m\000\137\000N\000a\000m\000e}{section.3.1}% 29
\BOOKMARK [3][-]{subsubsection*.25}{\376\377\000D\000e\000f\000i\000n\000i\000t\000i\000o\000n}{subsection.3.1.5}% 30
\BOOKMARK [3][-]{subsubsection*.26}{\376\377\000D\000a\000t\000a\000\040\000T\000y\000p\000e}{subsection.3.1.5}% 31
\BOOKMARK [3][-]{subsubsection*.27}{\376\377\000R\000e\000f\000e\000r\000e\000n\000c\000e\000\040\000T\000a\000b\000l\000e}{subsection.3.1.5}% 32
\BOOKMARK [2][-]{subsection.3.1.6}{\376\377\000S\000o\000u\000r\000c\000e\000\137\000A\000r\000t\000i\000c\000l\000e}{section.3.1}% 33
\BOOKMARK [3][-]{subsubsection*.28}{\376\377\000D\000e\000f\000i\000n\000i\000t\000i\000o\000n}{subsection.3.1.6}% 34
\BOOKMARK [3][-]{subsubsection*.29}{\376\377\000D\000a\000t\000a\000\040\000T\000y\000p\000e}{subsection.3.1.6}% 35
\BOOKMARK [3][-]{subsubsection*.30}{\376\377\000R\000e\000f\000e\000r\000e\000n\000c\000e\000\040\000T\000a\000b\000l\000e}{subsection.3.1.6}% 36
\BOOKMARK [2][-]{subsection.3.1.7}{\376\377\000S\000o\000u\000r\000c\000e\000\137\000D\000a\000t\000e}{section.3.1}% 37
\BOOKMARK [3][-]{subsubsection*.31}{\376\377\000D\000e\000f\000i\000n\000i\000t\000i\000o\000n}{subsection.3.1.7}% 38
\BOOKMARK [3][-]{subsubsection*.32}{\376\377\000D\000a\000t\000a\000\040\000T\000y\000p\000e}{subsection.3.1.7}% 39
\BOOKMARK [3][-]{subsubsection*.33}{\376\377\000R\000e\000f\000e\000r\000e\000n\000c\000e\000\040\000T\000a\000b\000l\000e}{subsection.3.1.7}% 40
\BOOKMARK [2][-]{subsection.3.1.8}{\376\377\000S\000o\000u\000r\000c\000e\000\137\000H\000e\000a\000d\000l\000i\000n\000e}{section.3.1}% 41
\BOOKMARK [3][-]{subsubsection*.34}{\376\377\000D\000e\000f\000i\000n\000i\000t\000i\000o\000n}{subsection.3.1.8}% 42
\BOOKMARK [3][-]{subsubsection*.35}{\376\377\000D\000a\000t\000a\000\040\000T\000y\000p\000e}{subsection.3.1.8}% 43
\BOOKMARK [3][-]{subsubsection*.36}{\376\377\000R\000e\000f\000e\000r\000e\000n\000c\000e\000\040\000T\000a\000b\000l\000e}{subsection.3.1.8}% 44
\BOOKMARK [2][-]{subsection.3.1.9}{\376\377\000R\000e\000g\000i\000o\000n\000\137\000N\000a\000m\000e}{section.3.1}% 45
\BOOKMARK [3][-]{subsubsection*.37}{\376\377\000D\000e\000f\000i\000n\000t\000i\000o\000n}{subsection.3.1.9}% 46
\BOOKMARK [3][-]{subsubsection*.38}{\376\377\000D\000a\000t\000a\000\040\000T\000y\000p\000e}{subsection.3.1.9}% 47
\BOOKMARK [3][-]{subsubsection*.39}{\376\377\000R\000e\000f\000e\000r\000e\000n\000c\000e\000\040\000T\000a\000b\000l\000e}{subsection.3.1.9}% 48
\BOOKMARK [2][-]{subsection.3.1.10}{\376\377\000R\000e\000g\000i\000o\000n\000\137\000C\000o\000d\000e}{section.3.1}% 49
\BOOKMARK [3][-]{subsubsection*.40}{\376\377\000D\000e\000f\000i\000n\000i\000t\000i\000o\000n}{subsection.3.1.10}% 50
\BOOKMARK [3][-]{subsubsection*.41}{\376\377\000D\000a\000t\000a\000\040\000T\000y\000p\000e}{subsection.3.1.10}% 51
\BOOKMARK [3][-]{subsubsection*.42}{\376\377\000R\000e\000f\000e\000r\000e\000n\000c\000e\000\040\000T\000a\000b\000l\000e}{subsection.3.1.10}% 52
\BOOKMARK [2][-]{subsection.3.1.11}{\376\377\000K\000u\000r\000d\000i\000s\000h\000\137\000R\000e\000g\000i\000o\000n}{section.3.1}% 53
\BOOKMARK [3][-]{subsubsection*.43}{\376\377\000D\000e\000f\000i\000n\000i\000t\000i\000o\000n}{subsection.3.1.11}% 54
\BOOKMARK [3][-]{subsubsection*.44}{\376\377\000D\000a\000t\000a\000\040\000T\000y\000p\000e}{subsection.3.1.11}% 55
\BOOKMARK [3][-]{subsubsection*.45}{\376\377\000R\000e\000f\000e\000r\000e\000n\000c\000e\000\040\000T\000a\000b\000l\000e}{subsection.3.1.11}% 56
\BOOKMARK [2][-]{subsection.3.1.12}{\376\377\000P\000r\000o\000v\000i\000n\000c\000e\000\137\000N\000a\000m\000e}{section.3.1}% 57
\BOOKMARK [3][-]{subsubsection*.46}{\376\377\000D\000e\000f\000i\000n\000i\000t\000i\000o\000n}{subsection.3.1.12}% 58
\BOOKMARK [3][-]{subsubsection*.47}{\376\377\000D\000a\000t\000a\000\040\000T\000y\000p\000e}{subsection.3.1.12}% 59
\BOOKMARK [3][-]{subsubsection*.48}{\376\377\000R\000e\000f\000e\000r\000e\000n\000c\000e\000\040\000T\000a\000b\000l\000e}{subsection.3.1.12}% 60
\BOOKMARK [2][-]{subsection.3.1.13}{\376\377\000P\000r\000o\000v\000i\000n\000c\000e\000\137\000C\000o\000d\000e}{section.3.1}% 61
\BOOKMARK [3][-]{subsubsection*.49}{\376\377\000D\000e\000f\000i\000n\000i\000t\000i\000o\000n}{subsection.3.1.13}% 62
\BOOKMARK [3][-]{subsubsection*.50}{\376\377\000D\000a\000t\000a\000\040\000T\000y\000p\000e}{subsection.3.1.13}% 63
\BOOKMARK [3][-]{subsubsection*.51}{\376\377\000R\000e\000f\000e\000r\000e\000n\000c\000e\000\040\000T\000a\000b\000l\000e}{subsection.3.1.13}% 64
\BOOKMARK [2][-]{subsection.3.1.14}{\376\377\000C\000o\000u\000n\000t\000r\000y}{section.3.1}% 65
\BOOKMARK [3][-]{subsubsection*.52}{\376\377\000D\000e\000f\000i\000n\000i\000t\000i\000o\000n}{subsection.3.1.14}% 66
\BOOKMARK [3][-]{subsubsection*.53}{\376\377\000D\000a\000t\000a\000\040\000T\000y\000p\000e}{subsection.3.1.14}% 67
\BOOKMARK [3][-]{subsubsection*.54}{\376\377\000R\000e\000f\000e\000r\000e\000n\000c\000e\000\040\000T\000a\000b\000l\000e}{subsection.3.1.14}% 68
\BOOKMARK [2][-]{subsection.3.1.15}{\376\377\000D\000a\000t\000e\000\137\000S\000t\000a\000r\000t}{section.3.1}% 69
\BOOKMARK [3][-]{subsubsection*.55}{\376\377\000D\000e\000f\000i\000n\000i\000t\000i\000o\000n}{subsection.3.1.15}% 70
\BOOKMARK [3][-]{subsubsection*.56}{\376\377\000D\000a\000t\000a\000\040\000T\000y\000p\000e}{subsection.3.1.15}% 71
\BOOKMARK [3][-]{subsubsection*.57}{\376\377\000R\000e\000f\000e\000r\000e\000n\000c\000e\000\040\000T\000a\000b\000l\000e}{subsection.3.1.15}% 72
\BOOKMARK [2][-]{subsection.3.1.16}{\376\377\000D\000a\000t\000e\000\137\000E\000n\000d}{section.3.1}% 73
\BOOKMARK [3][-]{subsubsection*.58}{\376\377\000D\000e\000f\000i\000n\000i\000t\000i\000o\000n}{subsection.3.1.16}% 74
\BOOKMARK [3][-]{subsubsection*.59}{\376\377\000D\000a\000t\000a\000\040\000T\000y\000p\000e}{subsection.3.1.16}% 75
\BOOKMARK [3][-]{subsubsection*.60}{\376\377\000R\000e\000f\000e\000r\000e\000n\000c\000e\000\040\000T\000a\000b\000l\000e}{subsection.3.1.16}% 76
\BOOKMARK [2][-]{subsection.3.1.17}{\376\377\000W\000o\000m\000e\000n\000\137\000K\000i\000l\000l\000e\000d}{section.3.1}% 77
\BOOKMARK [3][-]{subsubsection*.61}{\376\377\000D\000e\000f\000i\000n\000i\000t\000i\000o\000n}{subsection.3.1.17}% 78
\BOOKMARK [3][-]{subsubsection*.62}{\376\377\000D\000a\000t\000a\000\040\000T\000y\000p\000e}{subsection.3.1.17}% 79
\BOOKMARK [3][-]{subsubsection*.63}{\376\377\000R\000e\000f\000e\000r\000e\000n\000c\000e\000\040\000T\000a\000b\000l\000e}{subsection.3.1.17}% 80
\BOOKMARK [2][-]{subsection.3.1.18}{\376\377\000C\000h\000i\000l\000d\000r\000e\000n\000\137\000K\000i\000l\000l\000e\000d}{section.3.1}% 81
\BOOKMARK [3][-]{subsubsection*.64}{\376\377\000D\000e\000f\000i\000n\000i\000t\000i\000o\000n}{subsection.3.1.18}% 82
\BOOKMARK [3][-]{subsubsection*.65}{\376\377\000D\000a\000t\000a\000\040\000T\000y\000p\000e}{subsection.3.1.18}% 83
\BOOKMARK [3][-]{subsubsection*.66}{\376\377\000R\000e\000f\000e\000r\000e\000n\000c\000e\000\040\000T\000a\000b\000l\000e}{subsection.3.1.18}% 84
\BOOKMARK [2][-]{subsection.3.1.19}{\376\377\000T\000o\000t\000a\000l\000\137\000K\000i\000l\000l\000e\000d}{section.3.1}% 85
\BOOKMARK [3][-]{subsubsection*.67}{\376\377\000D\000e\000f\000i\000n\000i\000t\000i\000o\000n}{subsection.3.1.19}% 86
\BOOKMARK [3][-]{subsubsection*.68}{\376\377\000D\000a\000t\000a\000\040\000T\000y\000p\000e}{subsection.3.1.19}% 87
\BOOKMARK [3][-]{subsubsection*.69}{\376\377\000R\000e\000f\000e\000r\000e\000n\000c\000e\000\040\000T\000a\000b\000l\000e}{subsection.3.1.19}% 88
\BOOKMARK [2][-]{subsection.3.1.20}{\376\377\000W\000o\000m\000e\000n\000\137\000R\000a\000p\000e\000d}{section.3.1}% 89
\BOOKMARK [3][-]{subsubsection*.70}{\376\377\000D\000e\000f\000i\000n\000i\000t\000i\000o\000n}{subsection.3.1.20}% 90
\BOOKMARK [3][-]{subsubsection*.71}{\376\377\000D\000a\000t\000a\000\040\000T\000y\000p\000e}{subsection.3.1.20}% 91
\BOOKMARK [3][-]{subsubsection*.72}{\376\377\000R\000e\000f\000e\000r\000e\000n\000c\000e\000\040\000T\000a\000b\000l\000e}{subsection.3.1.20}% 92
\BOOKMARK [2][-]{subsection.3.1.21}{\376\377\000I\000l\000l\000e\000g\000a\000l\000\137\000A\000r\000r\000e\000s\000t\000s}{section.3.1}% 93
\BOOKMARK [3][-]{subsubsection*.73}{\376\377\000D\000e\000f\000i\000n\000i\000t\000i\000o\000n}{subsection.3.1.21}% 94
\BOOKMARK [3][-]{subsubsection*.74}{\376\377\000D\000a\000t\000a\000\040\000T\000y\000p\000e}{subsection.3.1.21}% 95
\BOOKMARK [3][-]{subsubsection*.75}{\376\377\000R\000e\000f\000e\000r\000e\000n\000c\000e\000\040\000T\000a\000b\000l\000e}{subsection.3.1.21}% 96
\BOOKMARK [2][-]{subsection.3.1.22}{\376\377\000I\000l\000l\000e\000g\000a\000l\000\137\000D\000e\000t\000e\000n\000t\000i\000o\000n\000s}{section.3.1}% 97
\BOOKMARK [3][-]{subsubsection*.76}{\376\377\000D\000e\000f\000i\000n\000i\000t\000i\000o\000n}{subsection.3.1.22}% 98
\BOOKMARK [3][-]{subsubsection*.77}{\376\377\000D\000a\000t\000a\000\040\000T\000y\000p\000e}{subsection.3.1.22}% 99
\BOOKMARK [3][-]{subsubsection*.78}{\376\377\000R\000e\000f\000e\000r\000e\000n\000c\000e\000\040\000T\000a\000b\000l\000e}{subsection.3.1.22}% 100
\BOOKMARK [2][-]{subsection.3.1.23}{\376\377\000I\000l\000l\000e\000g\000a\000l\000\137\000I\000m\000p\000r\000i\000s\000o\000n\000m\000e\000n\000t\000s}{section.3.1}% 101
\BOOKMARK [3][-]{subsubsection*.79}{\376\377\000D\000e\000f\000i\000n\000i\000t\000i\000o\000n}{subsection.3.1.23}% 102
\BOOKMARK [3][-]{subsubsection*.80}{\376\377\000D\000a\000t\000a\000\040\000T\000y\000p\000e}{subsection.3.1.23}% 103
\BOOKMARK [3][-]{subsubsection*.81}{\376\377\000R\000e\000f\000e\000r\000e\000n\000c\000e\000\040\000T\000a\000b\000l\000e}{subsection.3.1.23}% 104
\BOOKMARK [2][-]{subsection.3.1.24}{\376\377\000H\000u\000m\000a\000n\000\137\000R\000i\000g\000h\000t\000s\000\137\000C\000a\000t\000e\000g\000o\000r\000y\000\137\000C\000o\000d\000e}{section.3.1}% 105
\BOOKMARK [3][-]{subsubsection*.82}{\376\377\000D\000e\000f\000i\000n\000i\000t\000i\000o\000n}{subsection.3.1.24}% 106
\BOOKMARK [3][-]{subsubsection*.83}{\376\377\000D\000a\000t\000a\000\040\000T\000y\000p\000e}{subsection.3.1.24}% 107
\BOOKMARK [3][-]{subsubsection*.84}{\376\377\000R\000e\000f\000e\000r\000e\000n\000c\000e\000\040\000T\000a\000b\000l\000e}{subsection.3.1.24}% 108
\BOOKMARK [2][-]{subsection.3.1.25}{\376\377\000H\000u\000m\000a\000n\000\137\000R\000i\000g\000h\000t\000s\000\137\000C\000a\000t\000e\000g\000o\000r\000y\000\137\000N\000a\000m\000e}{section.3.1}% 109
\BOOKMARK [3][-]{subsubsection*.85}{\376\377\000D\000e\000f\000i\000n\000i\000t\000i\000o\000n}{subsection.3.1.25}% 110
\BOOKMARK [3][-]{subsubsection*.86}{\376\377\000D\000a\000t\000a\000\040\000T\000y\000p\000e}{subsection.3.1.25}% 111
\BOOKMARK [3][-]{subsubsection*.87}{\376\377\000R\000e\000f\000e\000r\000e\000n\000c\000e\000\040\000T\000a\000b\000l\000e}{subsection.3.1.25}% 112
\BOOKMARK [2][-]{subsection.3.1.26}{\376\377\000H\000u\000m\000a\000n\000\137\000R\000i\000g\000h\000t\000s\000\137\000O\000f\000f\000e\000n\000s\000e\000\137\000C\000o\000d\000e}{section.3.1}% 113
\BOOKMARK [3][-]{subsubsection*.88}{\376\377\000D\000e\000f\000i\000n\000i\000t\000i\000o\000n}{subsection.3.1.26}% 114
\BOOKMARK [3][-]{subsubsection*.89}{\376\377\000D\000a\000t\000a\000\040\000T\000y\000p\000e}{subsection.3.1.26}% 115
\BOOKMARK [3][-]{subsubsection*.90}{\376\377\000R\000e\000f\000e\000r\000e\000n\000c\000e\000\040\000T\000a\000b\000l\000e}{subsection.3.1.26}% 116
\BOOKMARK [2][-]{subsection.3.1.27}{\376\377\000H\000u\000m\000a\000n\000\137\000R\000i\000g\000h\000t\000s\000\137\000O\000f\000f\000e\000n\000s\000e\000\137\000N\000a\000m\000e}{section.3.1}% 117
\BOOKMARK [3][-]{subsubsection*.91}{\376\377\000D\000e\000f\000i\000n\000i\000t\000i\000o\000n}{subsection.3.1.27}% 118
\BOOKMARK [3][-]{subsubsection*.92}{\376\377\000D\000a\000t\000a\000\040\000T\000y\000p\000e}{subsection.3.1.27}% 119
\BOOKMARK [3][-]{subsubsection*.93}{\376\377\000R\000e\000f\000e\000r\000e\000n\000c\000e\000\040\000T\000a\000b\000l\000e}{subsection.3.1.27}% 120
\BOOKMARK [2][-]{subsection.3.1.28}{\376\377\000I\000s\000\137\000W\000o\000m\000e\000n\000\137\000E\000v\000e\000n\000t}{section.3.1}% 121
\BOOKMARK [3][-]{subsubsection*.94}{\376\377\000D\000e\000f\000i\000n\000i\000t\000i\000o\000n}{subsection.3.1.28}% 122
\BOOKMARK [3][-]{subsubsection*.95}{\376\377\000D\000a\000t\000a\000\040\000T\000y\000p\000e}{subsection.3.1.28}% 123
\BOOKMARK [3][-]{subsubsection*.96}{\376\377\000R\000e\000f\000e\000r\000e\000n\000c\000e\000\040\000T\000a\000b\000l\000e}{subsection.3.1.28}% 124
\BOOKMARK [2][-]{subsection.3.1.29}{\376\377\000I\000s\000\137\000C\000h\000i\000l\000d\000r\000e\000n\000\137\000E\000v\000e\000n\000t}{section.3.1}% 125
\BOOKMARK [3][-]{subsubsection*.97}{\376\377\000D\000e\000f\000i\000n\000i\000t\000i\000o\000n}{subsection.3.1.29}% 126
\BOOKMARK [3][-]{subsubsection*.98}{\376\377\000D\000a\000t\000a\000\040\000T\000y\000p\000e}{subsection.3.1.29}% 127
\BOOKMARK [3][-]{subsubsection*.99}{\376\377\000R\000e\000f\000e\000r\000e\000n\000c\000e\000\040\000T\000a\000b\000l\000e}{subsection.3.1.29}% 128
\BOOKMARK [2][-]{subsection.3.1.30}{\376\377\000D\000e\000s\000c\000r\000i\000p\000t\000i\000o\000n}{section.3.1}% 129
\BOOKMARK [3][-]{subsubsection*.100}{\376\377\000D\000e\000f\000i\000n\000i\000t\000i\000o\000n}{subsection.3.1.30}% 130
\BOOKMARK [3][-]{subsubsection*.101}{\376\377\000D\000a\000t\000a\000\040\000T\000y\000p\000e}{subsection.3.1.30}% 131
\BOOKMARK [3][-]{subsubsection*.102}{\376\377\000R\000e\000f\000e\000r\000e\000n\000c\000e\000\040\000T\000a\000b\000l\000e}{subsection.3.1.30}% 132
\BOOKMARK [2][-]{subsection.3.1.31}{\376\377\000I\000D}{section.3.1}% 133
\BOOKMARK [3][-]{subsubsection*.103}{\376\377\000D\000e\000f\000i\000n\000i\000t\000i\000o\000n}{subsection.3.1.31}% 134
\BOOKMARK [3][-]{subsubsection*.104}{\376\377\000D\000a\000t\000a\000\040\000T\000y\000p\000e}{subsection.3.1.31}% 135
\BOOKMARK [3][-]{subsubsection*.105}{\376\377\000R\000e\000f\000e\000r\000e\000n\000c\000e\000\040\000T\000a\000b\000l\000e}{subsection.3.1.31}% 136
\BOOKMARK [1][-]{section.3.2}{\376\377\000R\000e\000f\000e\000r\000e\000n\000c\000e\000\040\000T\000a\000b\000l\000e\000s}{chapter.3}% 137
\BOOKMARK [2][-]{subsection.3.2.1}{\376\377\000O\000v\000e\000r\000v\000i\000e\000w\000\040\000T\000a\000b\000l\000e}{section.3.2}% 138
\BOOKMARK [2][-]{subsection.3.2.2}{\376\377\000A\000g\000g\000r\000e\000s\000s\000o\000r\000\040\000T\000a\000b\000l\000e}{section.3.2}% 139
\BOOKMARK [2][-]{subsection.3.2.3}{\376\377\000V\000i\000c\000t\000i\000m\000\040\000T\000a\000b\000l\000e}{section.3.2}% 140
\BOOKMARK [2][-]{subsection.3.2.4}{\376\377\000H\000u\000m\000a\000n\000\040\000R\000i\000g\000h\000t\000s\000\040\000C\000a\000t\000e\000g\000o\000r\000y\000\040\000T\000a\000b\000l\000e}{section.3.2}% 141
\BOOKMARK [2][-]{subsection.3.2.5}{\376\377\000H\000u\000m\000a\000n\000\040\000R\000i\000g\000h\000t\000s\000\040\000O\000f\000f\000e\000n\000s\000e\000\040\000T\000a\000b\000l\000e}{section.3.2}% 142
\BOOKMARK [2][-]{subsection.3.2.6}{\376\377\000R\000e\000g\000i\000o\000n\000\040\000T\000a\000b\000l\000e}{section.3.2}% 143
\BOOKMARK [2][-]{subsection.3.2.7}{\376\377\000P\000r\000o\000v\000i\000n\000c\000e\000\040\000T\000a\000b\000l\000e}{section.3.2}% 144
\BOOKMARK [0][-]{chapter.4}{\376\377\000A\000n\000a\000l\000y\000s\000i\000s}{}% 145
\BOOKMARK [1][-]{section.4.1}{\376\377\000C\000u\000r\000r\000e\000n\000t\000\040\000D\000a\000t\000a}{chapter.4}% 146
\BOOKMARK [1][-]{section.4.2}{\376\377\000A\000r\000c\000h\000i\000v\000e\000d\000\040\000D\000a\000t\000a}{chapter.4}% 147
\BOOKMARK [2][-]{subsection.4.2.1}{\376\377\0002\0000\0001\0009}{section.4.2}% 148
\BOOKMARK [0][-]{chapter.5}{\376\377\000P\000D\000F}{}% 149
\BOOKMARK [1][-]{section.5.1}{\376\377\000C\000u\000r\000r\000e\000n\000t\000\040\000M\000a\000n\000u\000a\000l}{chapter.5}% 150
\BOOKMARK [1][-]{section.5.2}{\376\377\000A\000r\000c\000h\000i\000v\000e\000d\000\040\000D\000a\000t\000a}{chapter.5}% 151
\BOOKMARK [1][-]{section.5.3}{\376\377\000A\000r\000c\000h\000i\000v\000e\000d\000\040\000D\000a\000t\000a}{chapter.5}% 152
\BOOKMARK [0][-]{chapter.6}{\376\377\000D\000a\000t\000a}{}% 153
\BOOKMARK [1][-]{section.6.1}{\376\377\000C\000u\000r\000r\000e\000n\000t\000\040\000D\000a\000t\000a}{chapter.6}% 154
\BOOKMARK [1][-]{section.6.2}{\376\377\000A\000r\000c\000h\000i\000v\000e\000d\000\040\000D\000a\000t\000a}{chapter.6}% 155
\BOOKMARK [2][-]{subsection.6.2.1}{\376\377\0002\0000\0001\0009}{section.6.2}% 156
